<?xml version="1.0" encoding="UTF-8"?>
<testsuite xmlns:xsi="http://www.w3.org/2001/XMLSchema-instance" xsi:noNamespaceSchemaLocation="https://maven.apache.org/surefire/maven-surefire-plugin/xsd/surefire-test-report.xsd" version="3.0.2" name="com.web.wsc_backend.WscBackendApplicationTests" time="6.413" tests="1" errors="0" skipped="0" failures="0">
  <properties>
[...]
</properties>
  <testcase name="contextLoads" classname="com.web.wsc_backend.WscBackendApplicationTests" time="0.507">
    <system-out><![CDATA[19:49:31.821 [main] INFO org.springframework.test.context.support.AnnotationConfigContextLoaderUtils -- Could not detect default configuration classes for test class [com.web.wsc_backend.WscBackendApplicationTests]: WscBackendApplicationTests does not declare any static, non-private, non-final, nested classes annotated with @Configuration.
19:49:31.961 [main] INFO org.springframework.boot.test.context.SpringBootTestContextBootstrapper -- Found @SpringBootConfiguration com.web.wsc_backend.WscBackendApplication for test class com.web.wsc_backend.WscBackendApplicationTests

  .   ____          _            __ _ _
 /\\ / ___'_ __ _ _(_)_ __  __ _ \ \ \ \
( ( )\___ | '_ | '_| | '_ \/ _` | \ \ \ \
 \\/  ___)| |_)| | | | | || (_| |  ) ) ) )
  '  |____| .__|_| |_|_| |_\__, | / / / /
 =========|_|==============|___/=/_/_/_/

 :: Spring Boot ::                (v3.4.2)

2025-02-16T19:49:32.511-03:00  INFO 17212 --- [wsc-app] [           main] c.w.w.WscBackendApplicationTests         : Starting WscBackendApplicationTests using Java 17.0.5 with PID 17212 (started by Wesle in C:\Users\Wesle\Documents\Workspace\APP\app-web\wsc-backend)
2025-02-16T19:49:32.513-03:00  INFO 17212 --- [wsc-app] [           main] c.w.w.WscBackendApplicationTests         : The following 1 profile is active: "dev"
2025-02-16T19:49:33.418-03:00  INFO 17212 --- [wsc-app] [           main] .s.d.r.c.RepositoryConfigurationDelegate : Bootstrapping Spring Data JPA repositories in DEFAULT mode.
2025-02-16T19:49:33.499-03:00  INFO 17212 --- [wsc-app] [           main] .s.d.r.c.RepositoryConfigurationDelegate : Finished Spring Data repository scanning in 70 ms. Found 1 JPA repository interface.
2025-02-16T19:49:34.034-03:00  INFO 17212 --- [wsc-app] [           main] o.hibernate.jpa.internal.util.LogHelper  : HHH000204: Processing PersistenceUnitInfo [name: default]
2025-02-16T19:49:34.140-03:00  INFO 17212 --- [wsc-app] [           main] org.hibernate.Version                    : HHH000412: Hibernate ORM core version 6.6.5.Final
2025-02-16T19:49:34.191-03:00  INFO 17212 --- [wsc-app] [           main] o.h.c.internal.RegionFactoryInitiator    : HHH000026: Second-level cache disabled
2025-02-16T19:49:34.624-03:00  INFO 17212 --- [wsc-app] [           main] o.s.o.j.p.SpringPersistenceUnitInfo      : No LoadTimeWeaver setup: ignoring JPA class transformer
2025-02-16T19:49:34.668-03:00  INFO 17212 --- [wsc-app] [           main] com.zaxxer.hikari.HikariDataSource       : HikariPool-1 - Starting...
2025-02-16T19:49:34.933-03:00  INFO 17212 --- [wsc-app] [           main] com.zaxxer.hikari.pool.HikariPool        : HikariPool-1 - Added connection org.postgresql.jdbc.PgConnection@5c839677
2025-02-16T19:49:34.936-03:00  INFO 17212 --- [wsc-app] [           main] com.zaxxer.hikari.HikariDataSource       : HikariPool-1 - Start completed.
2025-02-16T19:49:35.005-03:00  WARN 17212 --- [wsc-app] [           main] org.hibernate.orm.deprecation            : HHH90000025: PostgreSQLDialect does not need to be specified explicitly using 'hibernate.dialect' (remove the property setting and it will be selected by default)
2025-02-16T19:49:35.036-03:00  INFO 17212 --- [wsc-app] [           main] org.hibernate.orm.connections.pooling    : HHH10001005: Database info:
	Database JDBC URL [Connecting through datasource 'HikariDataSource (HikariPool-1)']
	Database driver: undefined/unknown
	Database version: 15.1
	Autocommit mode: undefined/unknown
	Isolation level: undefined/unknown
	Minimum pool size: undefined/unknown
	Maximum pool size: undefined/unknown
2025-02-16T19:49:36.104-03:00  INFO 17212 --- [wsc-app] [           main] o.h.e.t.j.p.i.JtaPlatformInitiator       : HHH000489: No JTA platform available (set 'hibernate.transaction.jta.platform' to enable JTA platform integration)
2025-02-16T19:49:36.249-03:00  INFO 17212 --- [wsc-app] [           main] j.LocalContainerEntityManagerFactoryBean : Initialized JPA EntityManagerFactory for persistence unit 'default'
2025-02-16T19:49:36.666-03:00  WARN 17212 --- [wsc-app] [           main] JpaBaseConfiguration$JpaWebConfiguration : spring.jpa.open-in-view is enabled by default. Therefore, database queries may be performed during view rendering. Explicitly configure spring.jpa.open-in-view to disable this warning
2025-02-16T19:49:36.700-03:00  WARN 17212 --- [wsc-app] [           main] .s.s.UserDetailsServiceAutoConfiguration : 

Using generated security password: ea56bee5-4dc4-467e-9f5e-31c421eab8d8

This generated password is for development use only. Your security configuration must be updated before running your application in production.

2025-02-16T19:49:36.719-03:00  INFO 17212 --- [wsc-app] [           main] r$InitializeUserDetailsManagerConfigurer : Global AuthenticationManager configured with UserDetailsService bean with name inMemoryUserDetailsManager
2025-02-16T19:49:37.517-03:00  INFO 17212 --- [wsc-app] [           main] c.w.w.WscBackendApplicationTests         : Started WscBackendApplicationTests in 5.33 seconds (process running for 6.728)
]]></system-out>
  </testcase>
</testsuite>